<?xml version="1.0" encoding="UTF-8"?>
<!-- Generated by org.testng.reporters.JUnitReportReporter -->
<testsuite skipped="0" hostname="MAVCHN1121264" name="Runner.Runner" tests="2" failures="0" timestamp="11 Nov 2024 15:00:53 GMT" time="210.386" errors="0">
  <testcase name="runScenario" time="92.061" classname="Runner.Runner"/>
  <testcase name="runScenario" time="118.325" classname="Runner.Runner"/>
</testsuite> <!-- Runner.Runner -->
